# JRE version: Java(TM) SE Runtime Environment (8.0_281-b09) (build 1.8.0_281-b09)
# Java VM: Java HotSpot(TM) 64-Bit Server VM (25.281-b09 mixed mode windows-amd64 compressed oops)
Heap:
 PSYoungGen      total 109056K, used 39417K [0x00000000ed980000, 0x00000000f4d80000, 0x0000000100000000)
  eden space 100352K, 30% used [0x00000000ed980000,0x00000000ef77ebf8,0x00000000f3b80000)
  from space 8704K, 99% used [0x00000000f3b80000,0x00000000f43ff910,0x00000000f4400000)
  to   space 8704K, 0% used [0x00000000f4400000,0x00000000f4400000,0x00000000f4c80000)
 ParOldGen       total 29696K, used 13636K [0x00000000c8c00000, 0x00000000ca900000, 0x00000000ed980000)
  object space 29696K, 45% used [0x00000000c8c00000,0x00000000c99513c0,0x00000000ca900000)
 Metaspace       used 32316K, capacity 34858K, committed 34944K, reserved 1079296K
  class space    used 4246K, capacity 4713K, committed 4736K, reserved 1048576K
GC Heap History (10 events):
Event: 6.717 GC heap before
{Heap before GC invocations=6 (full 0):
 PSYoungGen      total 59392K, used 8518K [0x00000000ed980000, 0x00000000f1f80000, 0x0000000100000000)
  eden space 57344K, 11% used [0x00000000ed980000,0x00000000edfd46a8,0x00000000f1180000)
  from space 2048K, 99% used [0x00000000f1380000,0x00000000f157d250,0x00000000f1580000)
  to   space 7168K, 0% used [0x00000000f1880000,0x00000000f1880000,0x00000000f1f80000)
 ParOldGen       total 38400K, used 11262K [0x00000000c8c00000, 0x00000000cb180000, 0x00000000ed980000)
  object space 38400K, 29% used [0x00000000c8c00000,0x00000000c96ffa00,0x00000000cb180000)
 Metaspace       used 19668K, capacity 21156K, committed 21296K, reserved 1067008K
  class space    used 2546K, capacity 2850K, committed 2944K, reserved 1048576K
Event: 6.739 GC heap after
Heap after GC invocations=6 (full 0):
 PSYoungGen      total 64512K, used 3095K [0x00000000ed980000, 0x00000000f1f80000, 0x0000000100000000)
  eden space 57344K, 0% used [0x00000000ed980000,0x00000000ed980000,0x00000000f1180000)
  from space 7168K, 43% used [0x00000000f1880000,0x00000000f1b85eb8,0x00000000f1f80000)
  to   space 2048K, 0% used [0x00000000f1380000,0x00000000f1380000,0x00000000f1580000)
 ParOldGen       total 38400K, used 11270K [0x00000000c8c00000, 0x00000000cb180000, 0x00000000ed980000)
  object space 38400K, 29% used [0x00000000c8c00000,0x00000000c9701a00,0x00000000cb180000)
 Metaspace       used 19668K, capacity 21156K, committed 21296K, reserved 1067008K
  class space    used 2546K, capacity 2850K, committed 2944K, reserved 1048576K
}
Event: 6.739 GC heap before
{Heap before GC invocations=7 (full 1):
 PSYoungGen      total 64512K, used 3095K [0x00000000ed980000, 0x00000000f1f80000, 0x0000000100000000)
  eden space 57344K, 0% used [0x00000000ed980000,0x00000000ed980000,0x00000000f1180000)
  from space 7168K, 43% used [0x00000000f1880000,0x00000000f1b85eb8,0x00000000f1f80000)
  to   space 2048K, 0% used [0x00000000f1380000,0x00000000f1380000,0x00000000f1580000)
 ParOldGen       total 38400K, used 11270K [0x00000000c8c00000, 0x00000000cb180000, 0x00000000ed980000)
  object space 38400K, 29% used [0x00000000c8c00000,0x00000000c9701a00,0x00000000cb180000)
 Metaspace       used 19668K, capacity 21156K, committed 21296K, reserved 1067008K
  class space    used 2546K, capacity 2850K, committed 2944K, reserved 1048576K
Event: 6.810 GC heap after
Heap after GC invocations=7 (full 1):
 PSYoungGen      total 64512K, used 0K [0x00000000ed980000, 0x00000000f1f80000, 0x0000000100000000)
  eden space 57344K, 0% used [0x00000000ed980000,0x00000000ed980000,0x00000000f1180000)
  from space 7168K, 0% used [0x00000000f1880000,0x00000000f1880000,0x00000000f1f80000)
  to   space 2048K, 0% used [0x00000000f1380000,0x00000000f1380000,0x00000000f1580000)
 ParOldGen       total 29696K, used 5850K [0x00000000c8c00000, 0x00000000ca900000, 0x00000000ed980000)
  object space 29696K, 19% used [0x00000000c8c00000,0x00000000c91b6ab8,0x00000000ca900000)
 Metaspace       used 19668K, capacity 21156K, committed 21296K, reserved 1067008K
  class space    used 2546K, capacity 2850K, committed 2944K, reserved 1048576K
}
Event: 7.765 GC heap before
{Heap before GC invocations=8 (full 1):
 PSYoungGen      total 64512K, used 57344K [0x00000000ed980000, 0x00000000f1f80000, 0x0000000100000000)
  eden space 57344K, 100% used [0x00000000ed980000,0x00000000f1180000,0x00000000f1180000)
  from space 7168K, 0% used [0x00000000f1880000,0x00000000f1880000,0x00000000f1f80000)
  to   space 2048K, 0% used [0x00000000f1380000,0x00000000f1380000,0x00000000f1580000)
 ParOldGen       total 29696K, used 5850K [0x00000000c8c00000, 0x00000000ca900000, 0x00000000ed980000)
  object space 29696K, 19% used [0x00000000c8c00000,0x00000000c91b6ab8,0x00000000ca900000)
 Metaspace       used 25113K, capacity 26752K, committed 27008K, reserved 1073152K
  class space    used 3236K, capacity 3596K, committed 3712K, reserved 1048576K
Event: 7.780 GC heap after
Heap after GC invocations=8 (full 1):
 PSYoungGen      total 61440K, used 2016K [0x00000000ed980000, 0x00000000f4c80000, 0x0000000100000000)
  eden space 59392K, 0% used [0x00000000ed980000,0x00000000ed980000,0x00000000f1380000)
  from space 2048K, 98% used [0x00000000f1380000,0x00000000f1578020,0x00000000f1580000)
  to   space 8704K, 0% used [0x00000000f4400000,0x00000000f4400000,0x00000000f4c80000)
 ParOldGen       total 29696K, used 11593K [0x00000000c8c00000, 0x00000000ca900000, 0x00000000ed980000)
  object space 29696K, 39% used [0x00000000c8c00000,0x00000000c9752500,0x00000000ca900000)
 Metaspace       used 25113K, capacity 26752K, committed 27008K, reserved 1073152K
  class space    used 3236K, capacity 3596K, committed 3712K, reserved 1048576K
}
Event: 9.218 GC heap before
{Heap before GC invocations=9 (full 1):
 PSYoungGen      total 61440K, used 61408K [0x00000000ed980000, 0x00000000f4c80000, 0x0000000100000000)
  eden space 59392K, 100% used [0x00000000ed980000,0x00000000f1380000,0x00000000f1380000)
  from space 2048K, 98% used [0x00000000f1380000,0x00000000f1578020,0x00000000f1580000)
  to   space 8704K, 0% used [0x00000000f4400000,0x00000000f4400000,0x00000000f4c80000)
 ParOldGen       total 29696K, used 11593K [0x00000000c8c00000, 0x00000000ca900000, 0x00000000ed980000)
  object space 29696K, 39% used [0x00000000c8c00000,0x00000000c9752500,0x00000000ca900000)
 Metaspace       used 26572K, capacity 28376K, committed 28672K, reserved 1075200K
  class space    used 3406K, capacity 3774K, committed 3840K, reserved 1048576K
Event: 9.229 GC heap after
Heap after GC invocations=9 (full 1):
 PSYoungGen      total 109056K, used 5363K [0x00000000ed980000, 0x00000000f4d80000, 0x0000000100000000)
  eden space 100352K, 0% used [0x00000000ed980000,0x00000000ed980000,0x00000000f3b80000)
  from space 8704K, 61% used [0x00000000f4400000,0x00000000f493ce90,0x00000000f4c80000)
  to   space 8704K, 0% used [0x00000000f3b80000,0x00000000f3b80000,0x00000000f4400000)
 ParOldGen       total 29696K, used 11601K [0x00000000c8c00000, 0x00000000ca900000, 0x00000000ed980000)
  object space 29696K, 39% used [0x00000000c8c00000,0x00000000c9754500,0x00000000ca900000)
 Metaspace       used 26572K, capacity 28376K, committed 28672K, reserved 1075200K
  class space    used 3406K, capacity 3774K, committed 3840K, reserved 1048576K
}
Event: 11.844 GC heap before
{Heap before GC invocations=10 (full 1):
 PSYoungGen      total 109056K, used 105715K [0x00000000ed980000, 0x00000000f4d80000, 0x0000000100000000)
  eden space 100352K, 100% used [0x00000000ed980000,0x00000000f3b80000,0x00000000f3b80000)
  from space 8704K, 61% used [0x00000000f4400000,0x00000000f493ce90,0x00000000f4c80000)
  to   space 8704K, 0% used [0x00000000f3b80000,0x00000000f3b80000,0x00000000f4400000)
 ParOldGen       total 29696K, used 11601K [0x00000000c8c00000, 0x00000000ca900000, 0x00000000ed980000)
  object space 29696K, 39% used [0x00000000c8c00000,0x00000000c9754500,0x00000000ca900000)
 Metaspace       used 31429K, capacity 33944K, committed 34048K, reserved 1079296K
  class space    used 4117K, capacity 4570K, committed 4608K, reserved 1048576K
Event: 11.865 GC heap after
Heap after GC invocations=10 (full 1):
 PSYoungGen      total 109056K, used 8702K [0x00000000ed980000, 0x00000000f4d80000, 0x0000000100000000)
  eden space 100352K, 0% used [0x00000000ed980000,0x00000000ed980000,0x00000000f3b80000)
  from space 8704K, 99% used [0x00000000f3b80000,0x00000000f43ff910,0x00000000f4400000)
  to   space 8704K, 0% used [0x00000000f4400000,0x00000000f4400000,0x00000000f4c80000)
 ParOldGen       total 29696K, used 13636K [0x00000000c8c00000, 0x00000000ca900000, 0x00000000ed980000)
  object space 29696K, 45% used [0x00000000c8c00000,0x00000000c99513c0,0x00000000ca900000)
 Metaspace       used 31429K, capacity 33944K, committed 34048K, reserved 1079296K
  class space    used 4117K, capacity 4570K, committed 4608K, reserved 1048576K
}

