# JRE version: Java(TM) SE Runtime Environment (8.0_281-b09) (build 1.8.0_281-b09)
# Java VM: Java HotSpot(TM) 64-Bit Server VM (25.281-b09 mixed mode windows-amd64 compressed oops)
Heap:
 PSYoungGen      total 128000K, used 19179K [0x00000000ed980000, 0x00000000fa780000, 0x0000000100000000)
  eden space 115712K, 8% used [0x00000000ed980000,0x00000000ee392788,0x00000000f4a80000)
  from space 12288K, 72% used [0x00000000f4a80000,0x00000000f5328618,0x00000000f5680000)
  to   space 12800K, 0% used [0x00000000f9b00000,0x00000000f9b00000,0x00000000fa780000)
 ParOldGen       total 38400K, used 28681K [0x00000000c8c00000, 0x00000000cb180000, 0x00000000ed980000)
  object space 38400K, 74% used [0x00000000c8c00000,0x00000000ca802408,0x00000000cb180000)
 Metaspace       used 19853K, capacity 20294K, committed 20352K, reserved 1067008K
  class space    used 2218K, capacity 2386K, committed 2432K, reserved 1048576K
GC Heap History (10 events):
Event: 4.549 GC heap before
{Heap before GC invocations=5 (full 0):
 PSYoungGen      total 31744K, used 31712K [0x00000000ed980000, 0x00000000efa80000, 0x0000000100000000)
  eden space 29696K, 100% used [0x00000000ed980000,0x00000000ef680000,0x00000000ef680000)
  from space 2048K, 98% used [0x00000000ef880000,0x00000000efa78020,0x00000000efa80000)
  to   space 2048K, 0% used [0x00000000ef680000,0x00000000ef680000,0x00000000ef880000)
 ParOldGen       total 38400K, used 7033K [0x00000000c8c00000, 0x00000000cb180000, 0x00000000ed980000)
  object space 38400K, 18% used [0x00000000c8c00000,0x00000000c92de528,0x00000000cb180000)
 Metaspace       used 15151K, capacity 15368K, committed 15488K, reserved 1062912K
  class space    used 1828K, capacity 1908K, committed 1920K, reserved 1048576K
Event: 4.564 GC heap after
Heap after GC invocations=5 (full 0):
 PSYoungGen      total 31744K, used 2032K [0x00000000ed980000, 0x00000000f2080000, 0x0000000100000000)
  eden space 29696K, 0% used [0x00000000ed980000,0x00000000ed980000,0x00000000ef680000)
  from space 2048K, 99% used [0x00000000ef680000,0x00000000ef87c010,0x00000000ef880000)
  to   space 6656K, 0% used [0x00000000f1a00000,0x00000000f1a00000,0x00000000f2080000)
 ParOldGen       total 38400K, used 11740K [0x00000000c8c00000, 0x00000000cb180000, 0x00000000ed980000)
  object space 38400K, 30% used [0x00000000c8c00000,0x00000000c9777170,0x00000000cb180000)
 Metaspace       used 15151K, capacity 15368K, committed 15488K, reserved 1062912K
  class space    used 1828K, capacity 1908K, committed 1920K, reserved 1048576K
}
Event: 6.169 GC heap before
{Heap before GC invocations=6 (full 0):
 PSYoungGen      total 31744K, used 31728K [0x00000000ed980000, 0x00000000f2080000, 0x0000000100000000)
  eden space 29696K, 100% used [0x00000000ed980000,0x00000000ef680000,0x00000000ef680000)
  from space 2048K, 99% used [0x00000000ef680000,0x00000000ef87c010,0x00000000ef880000)
  to   space 6656K, 0% used [0x00000000f1a00000,0x00000000f1a00000,0x00000000f2080000)
 ParOldGen       total 38400K, used 11740K [0x00000000c8c00000, 0x00000000cb180000, 0x00000000ed980000)
  object space 38400K, 30% used [0x00000000c8c00000,0x00000000c9777170,0x00000000cb180000)
 Metaspace       used 15712K, capacity 15944K, committed 16128K, reserved 1062912K
  class space    used 1866K, capacity 1972K, committed 2048K, reserved 1048576K
Event: 6.190 GC heap after
Heap after GC invocations=6 (full 0):
 PSYoungGen      total 65024K, used 6632K [0x00000000ed980000, 0x00000000f2280000, 0x0000000100000000)
  eden space 58368K, 0% used [0x00000000ed980000,0x00000000ed980000,0x00000000f1280000)
  from space 6656K, 99% used [0x00000000f1a00000,0x00000000f207a128,0x00000000f2080000)
  to   space 7680K, 0% used [0x00000000f1280000,0x00000000f1280000,0x00000000f1a00000)
 ParOldGen       total 38400K, used 11770K [0x00000000c8c00000, 0x00000000cb180000, 0x00000000ed980000)
  object space 38400K, 30% used [0x00000000c8c00000,0x00000000c977e848,0x00000000cb180000)
 Metaspace       used 15712K, capacity 15944K, committed 16128K, reserved 1062912K
  class space    used 1866K, capacity 1972K, committed 2048K, reserved 1048576K
}
Event: 8.732 GC heap before
{Heap before GC invocations=7 (full 0):
 PSYoungGen      total 65024K, used 65000K [0x00000000ed980000, 0x00000000f2280000, 0x0000000100000000)
  eden space 58368K, 100% used [0x00000000ed980000,0x00000000f1280000,0x00000000f1280000)
  from space 6656K, 99% used [0x00000000f1a00000,0x00000000f207a128,0x00000000f2080000)
  to   space 7680K, 0% used [0x00000000f1280000,0x00000000f1280000,0x00000000f1a00000)
 ParOldGen       total 38400K, used 11770K [0x00000000c8c00000, 0x00000000cb180000, 0x00000000ed980000)
  object space 38400K, 30% used [0x00000000c8c00000,0x00000000c977e848,0x00000000cb180000)
 Metaspace       used 16213K, capacity 16510K, committed 16640K, reserved 1064960K
  class space    used 1873K, capacity 1981K, committed 2048K, reserved 1048576K
Event: 8.755 GC heap after
Heap after GC invocations=7 (full 0):
 PSYoungGen      total 66048K, used 7664K [0x00000000ed980000, 0x00000000f6180000, 0x0000000100000000)
  eden space 58368K, 0% used [0x00000000ed980000,0x00000000ed980000,0x00000000f1280000)
  from space 7680K, 99% used [0x00000000f1280000,0x00000000f19fc010,0x00000000f1a00000)
  to   space 11264K, 0% used [0x00000000f5680000,0x00000000f5680000,0x00000000f6180000)
 ParOldGen       total 38400K, used 16716K [0x00000000c8c00000, 0x00000000cb180000, 0x00000000ed980000)
  object space 38400K, 43% used [0x00000000c8c00000,0x00000000c9c53250,0x00000000cb180000)
 Metaspace       used 16213K, capacity 16510K, committed 16640K, reserved 1064960K
  class space    used 1873K, capacity 1981K, committed 2048K, reserved 1048576K
}
Event: 10.246 GC heap before
{Heap before GC invocations=8 (full 0):
 PSYoungGen      total 66048K, used 54666K [0x00000000ed980000, 0x00000000f6180000, 0x0000000100000000)
  eden space 58368K, 80% used [0x00000000ed980000,0x00000000f0766be0,0x00000000f1280000)
  from space 7680K, 99% used [0x00000000f1280000,0x00000000f19fc010,0x00000000f1a00000)
  to   space 11264K, 0% used [0x00000000f5680000,0x00000000f5680000,0x00000000f6180000)
 ParOldGen       total 38400K, used 16716K [0x00000000c8c00000, 0x00000000cb180000, 0x00000000ed980000)
  object space 38400K, 43% used [0x00000000c8c00000,0x00000000c9c53250,0x00000000cb180000)
 Metaspace       used 17450K, capacity 17878K, committed 18048K, reserved 1064960K
  class space    used 1987K, capacity 2117K, committed 2176K, reserved 1048576K
Event: 10.277 GC heap after
Heap after GC invocations=8 (full 0):
 PSYoungGen      total 126976K, used 9607K [0x00000000ed980000, 0x00000000f6380000, 0x0000000100000000)
  eden space 115712K, 0% used [0x00000000ed980000,0x00000000ed980000,0x00000000f4a80000)
  from space 11264K, 85% used [0x00000000f5680000,0x00000000f5fe1ee8,0x00000000f6180000)
  to   space 12288K, 0% used [0x00000000f4a80000,0x00000000f4a80000,0x00000000f5680000)
 ParOldGen       total 38400K, used 24828K [0x00000000c8c00000, 0x00000000cb180000, 0x00000000ed980000)
  object space 38400K, 64% used [0x00000000c8c00000,0x00000000ca43f260,0x00000000cb180000)
 Metaspace       used 17450K, capacity 17878K, committed 18048K, reserved 1064960K
  class space    used 1987K, capacity 2117K, committed 2176K, reserved 1048576K
}
Event: 12.128 GC heap before
{Heap before GC invocations=9 (full 0):
 PSYoungGen      total 126976K, used 125319K [0x00000000ed980000, 0x00000000f6380000, 0x0000000100000000)
  eden space 115712K, 100% used [0x00000000ed980000,0x00000000f4a80000,0x00000000f4a80000)
  from space 11264K, 85% used [0x00000000f5680000,0x00000000f5fe1ee8,0x00000000f6180000)
  to   space 12288K, 0% used [0x00000000f4a80000,0x00000000f4a80000,0x00000000f5680000)
 ParOldGen       total 38400K, used 24828K [0x00000000c8c00000, 0x00000000cb180000, 0x00000000ed980000)
  object space 38400K, 64% used [0x00000000c8c00000,0x00000000ca43f260,0x00000000cb180000)
 Metaspace       used 19348K, capacity 19782K, committed 20096K, reserved 1067008K
  class space    used 2161K, capacity 2322K, committed 2432K, reserved 1048576K
Event: 12.152 GC heap after
Heap after GC invocations=9 (full 0):
 PSYoungGen      total 128000K, used 8865K [0x00000000ed980000, 0x00000000fa780000, 0x0000000100000000)
  eden space 115712K, 0% used [0x00000000ed980000,0x00000000ed980000,0x00000000f4a80000)
  from space 12288K, 72% used [0x00000000f4a80000,0x00000000f5328618,0x00000000f5680000)
  to   space 12800K, 0% used [0x00000000f9b00000,0x00000000f9b00000,0x00000000fa780000)
 ParOldGen       total 38400K, used 28681K [0x00000000c8c00000, 0x00000000cb180000, 0x00000000ed980000)
  object space 38400K, 74% used [0x00000000c8c00000,0x00000000ca802408,0x00000000cb180000)
 Metaspace       used 19348K, capacity 19782K, committed 20096K, reserved 1067008K
  class space    used 2161K, capacity 2322K, committed 2432K, reserved 1048576K
}

