# JRE version: Java(TM) SE Runtime Environment (8.0_281-b09) (build 1.8.0_281-b09)
# Java VM: Java HotSpot(TM) 64-Bit Server VM (25.281-b09 mixed mode windows-amd64 compressed oops)
Heap:
 PSYoungGen      total 157184K, used 93950K [0x00000000ed980000, 0x00000000f9580000, 0x0000000100000000)
  eden space 151552K, 58% used [0x00000000ed980000,0x00000000f30bdee0,0x00000000f6d80000)
  from space 5632K, 81% used [0x00000000f9000000,0x00000000f9481bb8,0x00000000f9580000)
  to   space 4096K, 0% used [0x00000000f6d80000,0x00000000f6d80000,0x00000000f7180000)
 ParOldGen       total 28672K, used 11773K [0x00000000c8c00000, 0x00000000ca800000, 0x00000000ed980000)
  object space 28672K, 41% used [0x00000000c8c00000,0x00000000c977f690,0x00000000ca800000)
 Metaspace       used 31765K, capacity 33444K, committed 33664K, reserved 1079296K
  class space    used 3792K, capacity 4159K, committed 4224K, reserved 1048576K
GC Heap History (10 events):
Event: 8.872 GC heap before
{Heap before GC invocations=11 (full 0):
 PSYoungGen      total 98816K, used 55932K [0x00000000ed980000, 0x00000000f3d80000, 0x0000000100000000)
  eden space 95232K, 55% used [0x00000000ed980000,0x00000000f0cf4b78,0x00000000f3680000)
  from space 3584K, 90% used [0x00000000f3a00000,0x00000000f3d2a608,0x00000000f3d80000)
  to   space 3584K, 0% used [0x00000000f3680000,0x00000000f3680000,0x00000000f3a00000)
 ParOldGen       total 38400K, used 5077K [0x00000000c8c00000, 0x00000000cb180000, 0x00000000ed980000)
  object space 38400K, 13% used [0x00000000c8c00000,0x00000000c90f5480,0x00000000cb180000)
 Metaspace       used 19807K, capacity 21182K, committed 21296K, reserved 1069056K
  class space    used 2336K, capacity 2647K, committed 2688K, reserved 1048576K
Event: 8.880 GC heap after
Heap after GC invocations=11 (full 0):
 PSYoungGen      total 98816K, used 2108K [0x00000000ed980000, 0x00000000f7580000, 0x0000000100000000)
  eden space 95232K, 0% used [0x00000000ed980000,0x00000000ed980000,0x00000000f3680000)
  from space 3584K, 58% used [0x00000000f3680000,0x00000000f388f080,0x00000000f3a00000)
  to   space 3584K, 0% used [0x00000000f7200000,0x00000000f7200000,0x00000000f7580000)
 ParOldGen       total 38400K, used 6573K [0x00000000c8c00000, 0x00000000cb180000, 0x00000000ed980000)
  object space 38400K, 17% used [0x00000000c8c00000,0x00000000c926b7b8,0x00000000cb180000)
 Metaspace       used 19807K, capacity 21182K, committed 21296K, reserved 1069056K
  class space    used 2336K, capacity 2647K, committed 2688K, reserved 1048576K
}
Event: 8.880 GC heap before
{Heap before GC invocations=12 (full 1):
 PSYoungGen      total 98816K, used 2108K [0x00000000ed980000, 0x00000000f7580000, 0x0000000100000000)
  eden space 95232K, 0% used [0x00000000ed980000,0x00000000ed980000,0x00000000f3680000)
  from space 3584K, 58% used [0x00000000f3680000,0x00000000f388f080,0x00000000f3a00000)
  to   space 3584K, 0% used [0x00000000f7200000,0x00000000f7200000,0x00000000f7580000)
 ParOldGen       total 38400K, used 6573K [0x00000000c8c00000, 0x00000000cb180000, 0x00000000ed980000)
  object space 38400K, 17% used [0x00000000c8c00000,0x00000000c926b7b8,0x00000000cb180000)
 Metaspace       used 19807K, capacity 21182K, committed 21296K, reserved 1069056K
  class space    used 2336K, capacity 2647K, committed 2688K, reserved 1048576K
Event: 8.934 GC heap after
Heap after GC invocations=12 (full 1):
 PSYoungGen      total 98816K, used 0K [0x00000000ed980000, 0x00000000f7580000, 0x0000000100000000)
  eden space 95232K, 0% used [0x00000000ed980000,0x00000000ed980000,0x00000000f3680000)
  from space 3584K, 0% used [0x00000000f3680000,0x00000000f3680000,0x00000000f3a00000)
  to   space 3584K, 0% used [0x00000000f7200000,0x00000000f7200000,0x00000000f7580000)
 ParOldGen       total 28672K, used 6420K [0x00000000c8c00000, 0x00000000ca800000, 0x00000000ed980000)
  object space 28672K, 22% used [0x00000000c8c00000,0x00000000c9245338,0x00000000ca800000)
 Metaspace       used 19807K, capacity 21182K, committed 21296K, reserved 1069056K
  class space    used 2336K, capacity 2647K, committed 2688K, reserved 1048576K
}
Event: 10.144 GC heap before
{Heap before GC invocations=13 (full 1):
 PSYoungGen      total 98816K, used 95232K [0x00000000ed980000, 0x00000000f7580000, 0x0000000100000000)
  eden space 95232K, 100% used [0x00000000ed980000,0x00000000f3680000,0x00000000f3680000)
  from space 3584K, 0% used [0x00000000f3680000,0x00000000f3680000,0x00000000f3a00000)
  to   space 3584K, 0% used [0x00000000f7200000,0x00000000f7200000,0x00000000f7580000)
 ParOldGen       total 28672K, used 6420K [0x00000000c8c00000, 0x00000000ca800000, 0x00000000ed980000)
  object space 28672K, 22% used [0x00000000c8c00000,0x00000000c9245338,0x00000000ca800000)
 Metaspace       used 22854K, capacity 24386K, committed 24576K, reserved 1071104K
  class space    used 2744K, capacity 3040K, committed 3072K, reserved 1048576K
Event: 10.156 GC heap after
Heap after GC invocations=13 (full 1):
 PSYoungGen      total 135168K, used 3296K [0x00000000ed980000, 0x00000000f7580000, 0x0000000100000000)
  eden space 131584K, 0% used [0x00000000ed980000,0x00000000ed980000,0x00000000f5a00000)
  from space 3584K, 91% used [0x00000000f7200000,0x00000000f7538098,0x00000000f7580000)
  to   space 4096K, 0% used [0x00000000f6d80000,0x00000000f6d80000,0x00000000f7180000)
 ParOldGen       total 28672K, used 6428K [0x00000000c8c00000, 0x00000000ca800000, 0x00000000ed980000)
  object space 28672K, 22% used [0x00000000c8c00000,0x00000000c9247338,0x00000000ca800000)
 Metaspace       used 22854K, capacity 24386K, committed 24576K, reserved 1071104K
  class space    used 2744K, capacity 3040K, committed 3072K, reserved 1048576K
}
Event: 11.134 GC heap before
{Heap before GC invocations=14 (full 1):
 PSYoungGen      total 135168K, used 134880K [0x00000000ed980000, 0x00000000f7580000, 0x0000000100000000)
  eden space 131584K, 100% used [0x00000000ed980000,0x00000000f5a00000,0x00000000f5a00000)
  from space 3584K, 91% used [0x00000000f7200000,0x00000000f7538098,0x00000000f7580000)
  to   space 4096K, 0% used [0x00000000f6d80000,0x00000000f6d80000,0x00000000f7180000)
 ParOldGen       total 28672K, used 6428K [0x00000000c8c00000, 0x00000000ca800000, 0x00000000ed980000)
  object space 28672K, 22% used [0x00000000c8c00000,0x00000000c9247338,0x00000000ca800000)
 Metaspace       used 26537K, capacity 28142K, committed 28160K, reserved 1073152K
  class space    used 3264K, capacity 3572K, committed 3584K, reserved 1048576K
Event: 11.143 GC heap after
Heap after GC invocations=14 (full 1):
 PSYoungGen      total 155648K, used 4071K [0x00000000ed980000, 0x00000000f9580000, 0x0000000100000000)
  eden space 151552K, 0% used [0x00000000ed980000,0x00000000ed980000,0x00000000f6d80000)
  from space 4096K, 99% used [0x00000000f6d80000,0x00000000f7179d18,0x00000000f7180000)
  to   space 5632K, 0% used [0x00000000f9000000,0x00000000f9000000,0x00000000f9580000)
 ParOldGen       total 28672K, used 9743K [0x00000000c8c00000, 0x00000000ca800000, 0x00000000ed980000)
  object space 28672K, 33% used [0x00000000c8c00000,0x00000000c9583c60,0x00000000ca800000)
 Metaspace       used 26537K, capacity 28142K, committed 28160K, reserved 1073152K
  class space    used 3264K, capacity 3572K, committed 3584K, reserved 1048576K
}
Event: 11.773 GC heap before
{Heap before GC invocations=15 (full 1):
 PSYoungGen      total 155648K, used 155623K [0x00000000ed980000, 0x00000000f9580000, 0x0000000100000000)
  eden space 151552K, 100% used [0x00000000ed980000,0x00000000f6d80000,0x00000000f6d80000)
  from space 4096K, 99% used [0x00000000f6d80000,0x00000000f7179d18,0x00000000f7180000)
  to   space 5632K, 0% used [0x00000000f9000000,0x00000000f9000000,0x00000000f9580000)
 ParOldGen       total 28672K, used 9743K [0x00000000c8c00000, 0x00000000ca800000, 0x00000000ed980000)
  object space 28672K, 33% used [0x00000000c8c00000,0x00000000c9583c60,0x00000000ca800000)
 Metaspace       used 29536K, capacity 31132K, committed 31232K, reserved 1077248K
  class space    used 3502K, capacity 3835K, committed 3840K, reserved 1048576K
Event: 11.793 GC heap after
Heap after GC invocations=15 (full 1):
 PSYoungGen      total 157184K, used 4614K [0x00000000ed980000, 0x00000000f9580000, 0x0000000100000000)
  eden space 151552K, 0% used [0x00000000ed980000,0x00000000ed980000,0x00000000f6d80000)
  from space 5632K, 81% used [0x00000000f9000000,0x00000000f9481bb8,0x00000000f9580000)
  to   space 4096K, 0% used [0x00000000f6d80000,0x00000000f6d80000,0x00000000f7180000)
 ParOldGen       total 28672K, used 11773K [0x00000000c8c00000, 0x00000000ca800000, 0x00000000ed980000)
  object space 28672K, 41% used [0x00000000c8c00000,0x00000000c977f690,0x00000000ca800000)
 Metaspace       used 29536K, capacity 31132K, committed 31232K, reserved 1077248K
  class space    used 3502K, capacity 3835K, committed 3840K, reserved 1048576K
}

