# JRE version: Java(TM) SE Runtime Environment (8.0_281-b09) (build 1.8.0_281-b09)
# Java VM: Java HotSpot(TM) 64-Bit Server VM (25.281-b09 mixed mode windows-amd64 compressed oops)
Heap:
 PSYoungGen      total 215552K, used 133083K [0x00000000ed980000, 0x00000000fdf80000, 0x0000000100000000)
  eden space 197632K, 58% used [0x00000000ed980000,0x00000000f49fd2d0,0x00000000f9a80000)
  from space 17920K, 99% used [0x00000000faf80000,0x00000000fc0f9948,0x00000000fc100000)
  to   space 21504K, 0% used [0x00000000f9a80000,0x00000000f9a80000,0x00000000faf80000)
 ParOldGen       total 79360K, used 38207K [0x00000000c8c00000, 0x00000000cd980000, 0x00000000ed980000)
  object space 79360K, 48% used [0x00000000c8c00000,0x00000000cb14fc00,0x00000000cd980000)
 Metaspace       used 28661K, capacity 29314K, committed 29568K, reserved 1075200K
  class space    used 3209K, capacity 3432K, committed 3456K, reserved 1048576K
GC Heap History (10 events):
Event: 16.595 GC heap before
{Heap before GC invocations=10 (full 1):
 PSYoungGen      total 129024K, used 9039K [0x00000000ed980000, 0x00000000fa980000, 0x0000000100000000)
  eden space 115712K, 0% used [0x00000000ed980000,0x00000000ed980000,0x00000000f4a80000)
  from space 13312K, 67% used [0x00000000f4a80000,0x00000000f5353ea8,0x00000000f5780000)
  to   space 13824K, 0% used [0x00000000f9c00000,0x00000000f9c00000,0x00000000fa980000)
 ParOldGen       total 38400K, used 20493K [0x00000000c8c00000, 0x00000000cb180000, 0x00000000ed980000)
  object space 38400K, 53% used [0x00000000c8c00000,0x00000000ca0037f0,0x00000000cb180000)
 Metaspace       used 20786K, capacity 21154K, committed 21248K, reserved 1069056K
  class space    used 2427K, capacity 2551K, committed 2560K, reserved 1048576K
Event: 16.744 GC heap after
Heap after GC invocations=10 (full 1):
 PSYoungGen      total 129024K, used 0K [0x00000000ed980000, 0x00000000fa980000, 0x0000000100000000)
  eden space 115712K, 0% used [0x00000000ed980000,0x00000000ed980000,0x00000000f4a80000)
  from space 13312K, 0% used [0x00000000f4a80000,0x00000000f4a80000,0x00000000f5780000)
  to   space 13824K, 0% used [0x00000000f9c00000,0x00000000f9c00000,0x00000000fa980000)
 ParOldGen       total 48640K, used 20722K [0x00000000c8c00000, 0x00000000cbb80000, 0x00000000ed980000)
  object space 48640K, 42% used [0x00000000c8c00000,0x00000000ca03c968,0x00000000cbb80000)
 Metaspace       used 20786K, capacity 21154K, committed 21248K, reserved 1069056K
  class space    used 2427K, capacity 2551K, committed 2560K, reserved 1048576K
}
Event: 20.708 GC heap before
{Heap before GC invocations=11 (full 1):
 PSYoungGen      total 129024K, used 115712K [0x00000000ed980000, 0x00000000fa980000, 0x0000000100000000)
  eden space 115712K, 100% used [0x00000000ed980000,0x00000000f4a80000,0x00000000f4a80000)
  from space 13312K, 0% used [0x00000000f4a80000,0x00000000f4a80000,0x00000000f5780000)
  to   space 13824K, 0% used [0x00000000f9c00000,0x00000000f9c00000,0x00000000fa980000)
 ParOldGen       total 48640K, used 20722K [0x00000000c8c00000, 0x00000000cbb80000, 0x00000000ed980000)
  object space 48640K, 42% used [0x00000000c8c00000,0x00000000ca03c968,0x00000000cbb80000)
 Metaspace       used 23061K, capacity 23590K, committed 23808K, reserved 1071104K
  class space    used 2647K, capacity 2787K, committed 2816K, reserved 1048576K
Event: 20.745 GC heap after
Heap after GC invocations=11 (full 1):
 PSYoungGen      total 167424K, used 13792K [0x00000000ed980000, 0x00000000fa980000, 0x0000000100000000)
  eden space 153600K, 0% used [0x00000000ed980000,0x00000000ed980000,0x00000000f6f80000)
  from space 13824K, 99% used [0x00000000f9c00000,0x00000000fa978078,0x00000000fa980000)
  to   space 17920K, 0% used [0x00000000f8680000,0x00000000f8680000,0x00000000f9800000)
 ParOldGen       total 48640K, used 27093K [0x00000000c8c00000, 0x00000000cbb80000, 0x00000000ed980000)
  object space 48640K, 55% used [0x00000000c8c00000,0x00000000ca675490,0x00000000cbb80000)
 Metaspace       used 23061K, capacity 23590K, committed 23808K, reserved 1071104K
  class space    used 2647K, capacity 2787K, committed 2816K, reserved 1048576K
}
Event: 25.902 GC heap before
{Heap before GC invocations=12 (full 1):
 PSYoungGen      total 167424K, used 167392K [0x00000000ed980000, 0x00000000fa980000, 0x0000000100000000)
  eden space 153600K, 100% used [0x00000000ed980000,0x00000000f6f80000,0x00000000f6f80000)
  from space 13824K, 99% used [0x00000000f9c00000,0x00000000fa978078,0x00000000fa980000)
  to   space 17920K, 0% used [0x00000000f8680000,0x00000000f8680000,0x00000000f9800000)
 ParOldGen       total 48640K, used 27093K [0x00000000c8c00000, 0x00000000cbb80000, 0x00000000ed980000)
  object space 48640K, 55% used [0x00000000c8c00000,0x00000000ca675490,0x00000000cbb80000)
 Metaspace       used 26056K, capacity 26636K, committed 26752K, reserved 1073152K
  class space    used 2955K, capacity 3099K, committed 3200K, reserved 1048576K
Event: 25.935 GC heap after
Heap after GC invocations=12 (full 1):
 PSYoungGen      total 195072K, used 10164K [0x00000000ed980000, 0x00000000fc100000, 0x0000000100000000)
  eden space 177152K, 0% used [0x00000000ed980000,0x00000000ed980000,0x00000000f8680000)
  from space 17920K, 56% used [0x00000000f8680000,0x00000000f906d190,0x00000000f9800000)
  to   space 17920K, 0% used [0x00000000faf80000,0x00000000faf80000,0x00000000fc100000)
 ParOldGen       total 48640K, used 40721K [0x00000000c8c00000, 0x00000000cbb80000, 0x00000000ed980000)
  object space 48640K, 83% used [0x00000000c8c00000,0x00000000cb3c44b0,0x00000000cbb80000)
 Metaspace       used 26056K, capacity 26636K, committed 26752K, reserved 1073152K
  class space    used 2955K, capacity 3099K, committed 3200K, reserved 1048576K
}
Event: 25.935 GC heap before
{Heap before GC invocations=13 (full 2):
 PSYoungGen      total 195072K, used 10164K [0x00000000ed980000, 0x00000000fc100000, 0x0000000100000000)
  eden space 177152K, 0% used [0x00000000ed980000,0x00000000ed980000,0x00000000f8680000)
  from space 17920K, 56% used [0x00000000f8680000,0x00000000f906d190,0x00000000f9800000)
  to   space 17920K, 0% used [0x00000000faf80000,0x00000000faf80000,0x00000000fc100000)
 ParOldGen       total 48640K, used 40721K [0x00000000c8c00000, 0x00000000cbb80000, 0x00000000ed980000)
  object space 48640K, 83% used [0x00000000c8c00000,0x00000000cb3c44b0,0x00000000cbb80000)
 Metaspace       used 26056K, capacity 26636K, committed 26752K, reserved 1073152K
  class space    used 2955K, capacity 3099K, committed 3200K, reserved 1048576K
Event: 26.041 GC heap after
Heap after GC invocations=13 (full 2):
 PSYoungGen      total 195072K, used 0K [0x00000000ed980000, 0x00000000fc100000, 0x0000000100000000)
  eden space 177152K, 0% used [0x00000000ed980000,0x00000000ed980000,0x00000000f8680000)
  from space 17920K, 0% used [0x00000000f8680000,0x00000000f8680000,0x00000000f9800000)
  to   space 17920K, 0% used [0x00000000faf80000,0x00000000faf80000,0x00000000fc100000)
 ParOldGen       total 79360K, used 35610K [0x00000000c8c00000, 0x00000000cd980000, 0x00000000ed980000)
  object space 79360K, 44% used [0x00000000c8c00000,0x00000000caec6ba8,0x00000000cd980000)
 Metaspace       used 24476K, capacity 24986K, committed 26752K, reserved 1073152K
  class space    used 2762K, capacity 2891K, committed 3200K, reserved 1048576K
}
Event: 34.744 GC heap before
{Heap before GC invocations=14 (full 2):
 PSYoungGen      total 195072K, used 177152K [0x00000000ed980000, 0x00000000fc100000, 0x0000000100000000)
  eden space 177152K, 100% used [0x00000000ed980000,0x00000000f8680000,0x00000000f8680000)
  from space 17920K, 0% used [0x00000000f8680000,0x00000000f8680000,0x00000000f9800000)
  to   space 17920K, 0% used [0x00000000faf80000,0x00000000faf80000,0x00000000fc100000)
 ParOldGen       total 79360K, used 35610K [0x00000000c8c00000, 0x00000000cd980000, 0x00000000ed980000)
  object space 79360K, 44% used [0x00000000c8c00000,0x00000000caec6ba8,0x00000000cd980000)
 Metaspace       used 26125K, capacity 26764K, committed 27008K, reserved 1073152K
  class space    used 2946K, capacity 3099K, committed 3200K, reserved 1048576K
Event: 34.789 GC heap after
Heap after GC invocations=14 (full 2):
 PSYoungGen      total 215552K, used 17894K [0x00000000ed980000, 0x00000000fdf80000, 0x0000000100000000)
  eden space 197632K, 0% used [0x00000000ed980000,0x00000000ed980000,0x00000000f9a80000)
  from space 17920K, 99% used [0x00000000faf80000,0x00000000fc0f9948,0x00000000fc100000)
  to   space 21504K, 0% used [0x00000000f9a80000,0x00000000f9a80000,0x00000000faf80000)
 ParOldGen       total 79360K, used 38207K [0x00000000c8c00000, 0x00000000cd980000, 0x00000000ed980000)
  object space 79360K, 48% used [0x00000000c8c00000,0x00000000cb14fc00,0x00000000cd980000)
 Metaspace       used 26125K, capacity 26764K, committed 27008K, reserved 1073152K
  class space    used 2946K, capacity 3099K, committed 3200K, reserved 1048576K
}

