# JRE version: Java(TM) SE Runtime Environment (8.0_281-b09) (build 1.8.0_281-b09)
# Java VM: Java HotSpot(TM) 64-Bit Server VM (25.281-b09 mixed mode windows-amd64 compressed oops)
Heap:
 PSYoungGen      total 282624K, used 215933K [0x00000000ed980000, 0x0000000100000000, 0x0000000100000000)
  eden space 269312K, 80% used [0x00000000ed980000,0x00000000fac5f4a0,0x00000000fe080000)
  from space 13312K, 0% used [0x00000000fe080000,0x00000000fe080000,0x00000000fed80000)
  to   space 18944K, 0% used [0x00000000fed80000,0x00000000fed80000,0x0000000100000000)
 ParOldGen       total 73216K, used 35099K [0x00000000c8c00000, 0x00000000cd380000, 0x00000000ed980000)
  object space 73216K, 47% used [0x00000000c8c00000,0x00000000cae46ee0,0x00000000cd380000)
 Metaspace       used 66769K, capacity 70630K, committed 70936K, reserved 1112064K
  class space    used 9765K, capacity 10441K, committed 10520K, reserved 1048576K
GC Heap History (10 events):
Event: 11.838 GC heap before
{Heap before GC invocations=12 (full 1):
 PSYoungGen      total 189952K, used 62604K [0x00000000ed980000, 0x00000000fa100000, 0x0000000100000000)
  eden space 179712K, 29% used [0x00000000ed980000,0x00000000f0ca82d8,0x00000000f8900000)
  from space 10240K, 99% used [0x00000000f9500000,0x00000000f9efafa8,0x00000000f9f00000)
  to   space 12288K, 0% used [0x00000000f8900000,0x00000000f8900000,0x00000000f9500000)
 ParOldGen       total 27648K, used 11593K [0x00000000c8c00000, 0x00000000ca700000, 0x00000000ed980000)
  object space 27648K, 41% used [0x00000000c8c00000,0x00000000c97525b0,0x00000000ca700000)
 Metaspace       used 33526K, capacity 35410K, committed 35496K, reserved 1079296K
  class space    used 4838K, capacity 5202K, committed 5288K, reserved 1048576K
Event: 11.852 GC heap after
Heap after GC invocations=12 (full 1):
 PSYoungGen      total 192000K, used 5067K [0x00000000ed980000, 0x00000000ffb00000, 0x0000000100000000)
  eden space 179712K, 0% used [0x00000000ed980000,0x00000000ed980000,0x00000000f8900000)
  from space 12288K, 41% used [0x00000000f8900000,0x00000000f8df2f60,0x00000000f9500000)
  to   space 11776K, 0% used [0x00000000fef80000,0x00000000fef80000,0x00000000ffb00000)
 ParOldGen       total 27648K, used 16994K [0x00000000c8c00000, 0x00000000ca700000, 0x00000000ed980000)
  object space 27648K, 61% used [0x00000000c8c00000,0x00000000c9c98898,0x00000000ca700000)
 Metaspace       used 33526K, capacity 35410K, committed 35496K, reserved 1079296K
  class space    used 4838K, capacity 5202K, committed 5288K, reserved 1048576K
}
Event: 11.853 GC heap before
{Heap before GC invocations=13 (full 2):
 PSYoungGen      total 192000K, used 5067K [0x00000000ed980000, 0x00000000ffb00000, 0x0000000100000000)
  eden space 179712K, 0% used [0x00000000ed980000,0x00000000ed980000,0x00000000f8900000)
  from space 12288K, 41% used [0x00000000f8900000,0x00000000f8df2f60,0x00000000f9500000)
  to   space 11776K, 0% used [0x00000000fef80000,0x00000000fef80000,0x00000000ffb00000)
 ParOldGen       total 27648K, used 16994K [0x00000000c8c00000, 0x00000000ca700000, 0x00000000ed980000)
  object space 27648K, 61% used [0x00000000c8c00000,0x00000000c9c98898,0x00000000ca700000)
 Metaspace       used 33526K, capacity 35410K, committed 35496K, reserved 1079296K
  class space    used 4838K, capacity 5202K, committed 5288K, reserved 1048576K
Event: 11.954 GC heap after
Heap after GC invocations=13 (full 2):
 PSYoungGen      total 192000K, used 0K [0x00000000ed980000, 0x00000000ffb00000, 0x0000000100000000)
  eden space 179712K, 0% used [0x00000000ed980000,0x00000000ed980000,0x00000000f8900000)
  from space 12288K, 0% used [0x00000000f8900000,0x00000000f8900000,0x00000000f9500000)
  to   space 11776K, 0% used [0x00000000fef80000,0x00000000fef80000,0x00000000ffb00000)
 ParOldGen       total 43520K, used 15476K [0x00000000c8c00000, 0x00000000cb680000, 0x00000000ed980000)
  object space 43520K, 35% used [0x00000000c8c00000,0x00000000c9b1d160,0x00000000cb680000)
 Metaspace       used 33526K, capacity 35410K, committed 35496K, reserved 1079296K
  class space    used 4838K, capacity 5202K, committed 5288K, reserved 1048576K
}
Event: 13.633 GC heap before
{Heap before GC invocations=14 (full 2):
 PSYoungGen      total 192000K, used 179712K [0x00000000ed980000, 0x00000000ffb00000, 0x0000000100000000)
  eden space 179712K, 100% used [0x00000000ed980000,0x00000000f8900000,0x00000000f8900000)
  from space 12288K, 0% used [0x00000000f8900000,0x00000000f8900000,0x00000000f9500000)
  to   space 11776K, 0% used [0x00000000fef80000,0x00000000fef80000,0x00000000ffb00000)
 ParOldGen       total 43520K, used 15476K [0x00000000c8c00000, 0x00000000cb680000, 0x00000000ed980000)
  object space 43520K, 35% used [0x00000000c8c00000,0x00000000c9b1d160,0x00000000cb680000)
 Metaspace       used 40351K, capacity 42688K, committed 43048K, reserved 1085440K
  class space    used 5641K, capacity 6079K, committed 6184K, reserved 1048576K
Event: 13.658 GC heap after
Heap after GC invocations=14 (full 2):
 PSYoungGen      total 257024K, used 10788K [0x00000000ed980000, 0x00000000ffa80000, 0x0000000100000000)
  eden space 245760K, 0% used [0x00000000ed980000,0x00000000ed980000,0x00000000fc980000)
  from space 11264K, 95% used [0x00000000fef80000,0x00000000ffa09348,0x00000000ffa80000)
  to   space 13312K, 0% used [0x00000000fe080000,0x00000000fe080000,0x00000000fed80000)
 ParOldGen       total 43520K, used 15484K [0x00000000c8c00000, 0x00000000cb680000, 0x00000000ed980000)
  object space 43520K, 35% used [0x00000000c8c00000,0x00000000c9b1f160,0x00000000cb680000)
 Metaspace       used 40351K, capacity 42688K, committed 43048K, reserved 1085440K
  class space    used 5641K, capacity 6079K, committed 6184K, reserved 1048576K
}
Event: 19.127 GC heap before
{Heap before GC invocations=15 (full 2):
 PSYoungGen      total 257024K, used 144075K [0x00000000ed980000, 0x00000000ffa80000, 0x0000000100000000)
  eden space 245760K, 54% used [0x00000000ed980000,0x00000000f5ba9aa0,0x00000000fc980000)
  from space 11264K, 95% used [0x00000000fef80000,0x00000000ffa09348,0x00000000ffa80000)
  to   space 13312K, 0% used [0x00000000fe080000,0x00000000fe080000,0x00000000fed80000)
 ParOldGen       total 43520K, used 15484K [0x00000000c8c00000, 0x00000000cb680000, 0x00000000ed980000)
  object space 43520K, 35% used [0x00000000c8c00000,0x00000000c9b1f160,0x00000000cb680000)
 Metaspace       used 56212K, capacity 59070K, committed 59160K, reserved 1101824K
  class space    used 8079K, capacity 8644K, committed 8728K, reserved 1048576K
Event: 19.153 GC heap after
Heap after GC invocations=15 (full 2):
 PSYoungGen      total 282624K, used 13310K [0x00000000ed980000, 0x0000000100000000, 0x0000000100000000)
  eden space 269312K, 0% used [0x00000000ed980000,0x00000000ed980000,0x00000000fe080000)
  from space 13312K, 99% used [0x00000000fe080000,0x00000000fed7f928,0x00000000fed80000)
  to   space 18944K, 0% used [0x00000000fed80000,0x00000000fed80000,0x0000000100000000)
 ParOldGen       total 43520K, used 25293K [0x00000000c8c00000, 0x00000000cb680000, 0x00000000ed980000)
  object space 43520K, 58% used [0x00000000c8c00000,0x00000000ca4b37f8,0x00000000cb680000)
 Metaspace       used 56212K, capacity 59070K, committed 59160K, reserved 1101824K
  class space    used 8079K, capacity 8644K, committed 8728K, reserved 1048576K
}
Event: 19.153 GC heap before
{Heap before GC invocations=16 (full 3):
 PSYoungGen      total 282624K, used 13310K [0x00000000ed980000, 0x0000000100000000, 0x0000000100000000)
  eden space 269312K, 0% used [0x00000000ed980000,0x00000000ed980000,0x00000000fe080000)
  from space 13312K, 99% used [0x00000000fe080000,0x00000000fed7f928,0x00000000fed80000)
  to   space 18944K, 0% used [0x00000000fed80000,0x00000000fed80000,0x0000000100000000)
 ParOldGen       total 43520K, used 25293K [0x00000000c8c00000, 0x00000000cb680000, 0x00000000ed980000)
  object space 43520K, 58% used [0x00000000c8c00000,0x00000000ca4b37f8,0x00000000cb680000)
 Metaspace       used 56212K, capacity 59070K, committed 59160K, reserved 1101824K
  class space    used 8079K, capacity 8644K, committed 8728K, reserved 1048576K
Event: 19.447 GC heap after
Heap after GC invocations=16 (full 3):
 PSYoungGen      total 282624K, used 0K [0x00000000ed980000, 0x0000000100000000, 0x0000000100000000)
  eden space 269312K, 0% used [0x00000000ed980000,0x00000000ed980000,0x00000000fe080000)
  from space 13312K, 0% used [0x00000000fe080000,0x00000000fe080000,0x00000000fed80000)
  to   space 18944K, 0% used [0x00000000fed80000,0x00000000fed80000,0x0000000100000000)
 ParOldGen       total 73216K, used 35099K [0x00000000c8c00000, 0x00000000cd380000, 0x00000000ed980000)
  object space 73216K, 47% used [0x00000000c8c00000,0x00000000cae46ee0,0x00000000cd380000)
 Metaspace       used 56212K, capacity 59070K, committed 59160K, reserved 1101824K
  class space    used 8079K, capacity 8644K, committed 8728K, reserved 1048576K
}

